g++ -c -pipe -O2 -g -pipe -Wall -Wp,-D_FORTIFY_SOURCE=2 -fstack-protector --param=ssp-buffer-size=4 -m64 -mtune=generic -Wall -W -D_REENTRANT -DQT_NO_DEBUG -DQT_GUI_LIB -DQT_CORE_LIB -I/usr/lib64/qt4/mkspecs/linux-g++ -I. -I/usr/include/QtCore -I/usr/include/QtGui -I/usr/include -I. -I. -o file_read.o file_read.cpp
file_read.cpp: In member function ‘void FileRead::buttonSave()’:
file_read.cpp:55:16: error: no match for ‘operator<<’ in ‘std::cout << linebuffer’
/usr/lib/gcc/x86_64-redhat-linux/4.5.1/../../../../include/c++/4.5.1/ostream:108:7: note: candidates are: std::basic_ostream<_CharT, _Traits>::__ostream_type& std::basic_ostream<_CharT, _Traits>::operator<<(std::basic_ostream<_CharT, _Traits>::__ostream_type& (*)(std::basic_ostream<_CharT, _Traits>::__ostream_type&)) [with _CharT = char, _Traits = std::char_traits<char>, std::basic_ostream<_CharT, _Traits>::__ostream_type = std::basic_ostream<char>]
/usr/lib/gcc/x86_64-redhat-linux/4.5.1/../../../../include/c++/4.5.1/ostream:117:7: note:                 std::basic_ostream<_CharT, _Traits>::__ostream_type& std::basic_ostream<_CharT, _Traits>::operator<<(std::basic_ostream<_CharT, _Traits>::__ios_type& (*)(std::basic_ostream<_CharT, _Traits>::__ios_type&)) [with _CharT = char, _Traits = std::char_traits<char>, std::basic_ostream<_CharT, _Traits>::__ostream_type = std::basic_ostream<char>, std::basic_ostream<_CharT, _Traits>::__ios_type = std::basic_ios<char>]
/usr/lib/gcc/x86_64-redhat-linux/4.5.1/../../../../include/c++/4.5.1/ostream:127:7: note:                 std::basic_ostream<_CharT, _Traits>::__ostream_type& std::basic_ostream<_CharT, _Traits>::operator<<(std::ios_base& (*)(std::ios_base&)) [with _CharT = char, _Traits = std::char_traits<char>, std::basic_ostream<_CharT, _Traits>::__ostream_type = std::basic_ostream<char>]
/usr/lib/gcc/x86_64-redhat-linux/4.5.1/../../../../include/c++/4.5.1/ostream:165:7: note:                 std::basic_ostream<_CharT, _Traits>::__ostream_type& std::basic_ostream<_CharT, _Traits>::operator<<(long int) [with _CharT = char, _Traits = std::char_traits<char>, std::basic_ostream<_CharT, _Traits>::__ostream_type = std::basic_ostream<char>]
/usr/lib/gcc/x86_64-redhat-linux/4.5.1/../../../../include/c++/4.5.1/ostream:169:7: note:                 std::basic_ostream<_CharT, _Traits>::__ostream_type& std::basic_ostream<_CharT, _Traits>::operator<<(long unsigned int) [with _CharT = char, _Traits = std::char_traits<char>, std::basic_ostream<_CharT, _Traits>::__ostream_type = std::basic_ostream<char>]
/usr/lib/gcc/x86_64-redhat-linux/4.5.1/../../../../include/c++/4.5.1/ostream:173:7: note:                 std::basic_ostream<_CharT, _Traits>::__ostream_type& std::basic_ostream<_CharT, _Traits>::operator<<(bool) [with _CharT = char, _Traits = std::char_traits<char>, std::basic_ostream<_CharT, _Traits>::__ostream_type = std::basic_ostream<char>]
/usr/lib/gcc/x86_64-redhat-linux/4.5.1/../../../../include/c++/4.5.1/bits/ostream.tcc:91:5: note:                 std::basic_ostream<_CharT, _Traits>& std::basic_ostream<_CharT, _Traits>::operator<<(short int) [with _CharT = char, _Traits = std::char_traits<char>]
/usr/lib/gcc/x86_64-redhat-linux/4.5.1/../../../../include/c++/4.5.1/ostream:180:7: note:                 std::basic_ostream<_CharT, _Traits>::__ostream_type& std::basic_ostream<_CharT, _Traits>::operator<<(short unsigned int) [with _CharT = char, _Traits = std::char_traits<char>, std::basic_ostream<_CharT, _Traits>::__ostream_type = std::basic_ostream<char>]
/usr/lib/gcc/x86_64-redhat-linux/4.5.1/../../../../include/c++/4.5.1/bits/ostream.tcc:105:5: note:                 std::basic_ostream<_CharT, _Traits>& std::basic_ostream<_CharT, _Traits>::operator<<(int) [with _CharT = char, _Traits = std::char_traits<char>]
/usr/lib/gcc/x86_64-redhat-linux/4.5.1/../../../../include/c++/4.5.1/ostream:191:7: note:                 std::basic_ostream<_CharT, _Traits>::__ostream_type& std::basic_ostream<_CharT, _Traits>::operator<<(unsigned int) [with _CharT = char, _Traits = std::char_traits<char>, std::basic_ostream<_CharT, _Traits>::__ostream_type = std::basic_ostream<char>]
/usr/lib/gcc/x86_64-redhat-linux/4.5.1/../../../../include/c++/4.5.1/ostream:200:7: note:                 std::basic_ostream<_CharT, _Traits>::__ostream_type& std::basic_ostream<_CharT, _Traits>::operator<<(long long int) [with _CharT = char, _Traits = std::char_traits<char>, std::basic_ostream<_CharT, _Traits>::__ostream_type = std::basic_ostream<char>]
/usr/lib/gcc/x86_64-redhat-linux/4.5.1/../../../../include/c++/4.5.1/ostream:204:7: note:                 std::basic_ostream<_CharT, _Traits>::__ostream_type& std::basic_ostream<_CharT, _Traits>::operator<<(long long unsigned int) [with _CharT = char, _Traits = std::char_traits<char>, std::basic_ostream<_CharT, _Traits>::__ostream_type = std::basic_ostream<char>]
/usr/lib/gcc/x86_64-redhat-linux/4.5.1/../../../../include/c++/4.5.1/ostream:209:7: note:                 std::basic_ostream<_CharT, _Traits>::__ostream_type& std::basic_ostream<_CharT, _Traits>::operator<<(double) [with _CharT = char, _Traits = std::char_traits<char>, std::basic_ostream<_CharT, _Traits>::__ostream_type = std::basic_ostream<char>]
/usr/lib/gcc/x86_64-redhat-linux/4.5.1/../../../../include/c++/4.5.1/ostream:213:7: note:                 std::basic_ostream<_CharT, _Traits>::__ostream_type& std::basic_ostream<_CharT, _Traits>::operator<<(float) [with _CharT = char, _Traits = std::char_traits<char>, std::basic_ostream<_CharT, _Traits>::__ostream_type = std::basic_ostream<char>]
/usr/lib/gcc/x86_64-redhat-linux/4.5.1/../../../../include/c++/4.5.1/ostream:221:7: note:                 std::basic_ostream<_CharT, _Traits>::__ostream_type& std::basic_ostream<_CharT, _Traits>::operator<<(long double) [with _CharT = char, _Traits = std::char_traits<char>, std::basic_ostream<_CharT, _Traits>::__ostream_type = std::basic_ostream<char>]
/usr/lib/gcc/x86_64-redhat-linux/4.5.1/../../../../include/c++/4.5.1/ostream:225:7: note:                 std::basic_ostream<_CharT, _Traits>::__ostream_type& std::basic_ostream<_CharT, _Traits>::operator<<(const void*) [with _CharT = char, _Traits = std::char_traits<char>, std::basic_ostream<_CharT, _Traits>::__ostream_type = std::basic_ostream<char>]
/usr/lib/gcc/x86_64-redhat-linux/4.5.1/../../../../include/c++/4.5.1/bits/ostream.tcc:119:5: note:                 std::basic_ostream<_CharT, _Traits>& std::basic_ostream<_CharT, _Traits>::operator<<(std::basic_ostream<_CharT, _Traits>::__streambuf_type*) [with _CharT = char, _Traits = std::char_traits<char>, std::basic_ostream<_CharT, _Traits>::__streambuf_type = std::basic_streambuf<char>]
/usr/include/QtCore/qchar.h:394:28: note:                 QDataStream& operator<<(QDataStream&, const QChar&)
/usr/include/QtCore/qbytearray.h:577:28: note:                 QDataStream& operator<<(QDataStream&, const QByteArray&)
/usr/include/QtCore/qstring.h:1083:28: note:                 QDataStream& operator<<(QDataStream&, const QString&)
/usr/include/QtCore/qobject.h:397:22: note:                 QDebug operator<<(QDebug, const QObject*)
/usr/include/QtCore/qeasingcurve.h:113:22: note:                 QDebug operator<<(QDebug, const QEasingCurve&)
/usr/include/QtCore/qeasingcurve.h:117:28: note:                 QDataStream& operator<<(QDataStream&, const QEasingCurve&)
/usr/include/QtCore/qiodevice.h:247:22: note:                 QDebug operator<<(QDebug, QIODevice::OpenMode)
/usr/include/QtCore/qvariant.h:612:22: note:                 QDebug operator<<(QDebug, const QVariant&)
/usr/include/QtCore/qvariant.h:538:28: note:                 QDataStream& operator<<(QDataStream&, const QVariant&)
/usr/include/QtCore/qvariant.h:540:28: note:                 QDataStream& operator<<(QDataStream&, QVariant::Type)
/usr/include/QtCore/qvariant.h:613:22: note:                 QDebug operator<<(QDebug, QVariant::Type)
/usr/include/QtCore/qabstractitemmodel.h:102:22: note:                 QDebug operator<<(QDebug, const QModelIndex&)
/usr/include/QtCore/qabstractitemmodel.h:148:22: note:                 QDebug operator<<(QDebug, const QPersistentModelIndex&)
/usr/include/QtCore/qdatetime.h:322:28: note:                 QDataStream& operator<<(QDataStream&, const QDate&)
/usr/include/QtCore/qdatetime.h:324:28: note:                 QDataStream& operator<<(QDataStream&, const QTime&)
/usr/include/QtCore/qdatetime.h:326:28: note:                 QDataStream& operator<<(QDataStream&, const QDateTime&)
/usr/include/QtCore/qdatetime.h:331:22: note:                 QDebug operator<<(QDebug, const QDate&)
/usr/include/QtCore/qdatetime.h:332:22: note:                 QDebug operator<<(QDebug, const QTime&)
/usr/include/QtCore/qdatetime.h:333:22: note:                 QDebug operator<<(QDebug, const QDateTime&)
/usr/include/QtCore/qregexp.h:154:28: note:                 QDataStream& operator<<(QDataStream&, const QRegExp&)
/usr/include/QtCore/qstringlist.h:249:21: note:                 QDataStream& operator<<(QDataStream&, const QStringList&)
/usr/include/QtCore/quuid.h:182:28: note:                 QDataStream& operator<<(QDataStream&, const QUuid&)
/usr/include/QtCore/qbitarray.h:163:28: note:                 QDataStream& operator<<(QDataStream&, const QBitArray&)
/usr/include/QtCore/qpoint.h:103:28: note:                 QDataStream& operator<<(QDataStream&, const QPoint&)
/usr/include/QtCore/qpoint.h:181:22: note:                 QDebug operator<<(QDebug, const QPoint&)
/usr/include/QtCore/qpoint.h:237:28: note:                 QDataStream& operator<<(QDataStream&, const QPointF&)
/usr/include/QtCore/qpoint.h:356:22: note:                 QDebug operator<<(QDebug, const QPointF&)
/usr/include/QtCore/qline.h:201:22: note:                 QDebug operator<<(QDebug, const QLine&)
/usr/include/QtCore/qline.h:205:28: note:                 QDataStream& operator<<(QDataStream&, const QLine&)
/usr/include/QtCore/qline.h:412:22: note:                 QDebug operator<<(QDebug, const QLineF&)
/usr/include/QtCore/qline.h:416:28: note:                 QDataStream& operator<<(QDataStream&, const QLineF&)
/usr/include/QtCore/qlocale.h:720:28: note:                 QDataStream& operator<<(QDataStream&, const QLocale&)
/usr/include/QtCore/qmargins.h:140:22: note:                 QDebug operator<<(QDebug, const QMargins&)
/usr/include/QtCore/qsize.h:102:28: note:                 QDataStream& operator<<(QDataStream&, const QSize&)
/usr/include/QtCore/qsize.h:198:22: note:                 QDebug operator<<(QDebug, const QSize&)
/usr/include/QtCore/qsize.h:255:28: note:                 QDataStream& operator<<(QDataStream&, const QSizeF&)
/usr/include/QtCore/qsize.h:361:22: note:                 QDebug operator<<(QDebug, const QSizeF&)
/usr/include/QtCore/qrect.h:199:28: note:                 QDataStream& operator<<(QDataStream&, const QRect&)
/usr/include/QtCore/qrect.h:507:22: note:                 QDebug operator<<(QDebug, const QRect&)
/usr/include/QtCore/qrect.h:621:28: note:                 QDataStream& operator<<(QDataStream&, const QRectF&)
/usr/include/QtCore/qrect.h:851:22: note:                 QDebug operator<<(QDebug, const QRectF&)
/usr/include/QtCore/qdir.h:259:22: note:                 QDebug operator<<(QDebug, QDir::Filters)
/usr/include/QtCore/qdir.h:260:22: note:                 QDebug operator<<(QDebug, const QDir&)
/usr/include/QtCore/qtextstream.h:290:21: note:                 QTextStream& operator<<(QTextStream&, QTextStream& (*)(QTextStream&))
/usr/include/QtCore/qtextstream.h:293:21: note:                 QTextStream& operator<<(QTextStream&, QTextStreamManipulator)
/usr/include/QtCore/qurl.h:283:28: note:                 QDataStream& operator<<(QDataStream&, const QUrl&)
/usr/include/QtCore/qurl.h:288:22: note:                 QDebug operator<<(QDebug, const QUrl&)
/usr/include/QtGui/qcolor.h:60:21: note:                 QDebug operator<<(QDebug, const QColor&)
/usr/include/QtGui/qcolor.h:274:38: note:                 QDataStream& operator<<(QDataStream&, const QColor&)
/usr/include/QtGui/qpolygon.h:100:21: note:                 QDebug operator<<(QDebug, const QPolygon&)
/usr/include/QtGui/qpolygon.h:107:27: note:                 QDataStream& operator<<(QDataStream&, const QPolygon&)
/usr/include/QtGui/qpolygon.h:165:21: note:                 QDebug operator<<(QDebug, const QPolygonF&)
/usr/include/QtGui/qpolygon.h:172:27: note:                 QDataStream& operator<<(QDataStream&, const QPolygonF&)
/usr/include/QtGui/qregion.h:223:27: note:                 QDataStream& operator<<(QDataStream&, const QRegion&)
/usr/include/QtGui/qregion.h:228:21: note:                 QDebug operator<<(QDebug, const QRegion&)
/usr/include/QtGui/qmatrix.h:188:27: note:                 QDataStream& operator<<(QDataStream&, const QMatrix&)
/usr/include/QtGui/qmatrix.h:193:21: note:                 QDebug operator<<(QDebug, const QMatrix&)
/usr/include/QtGui/qpainterpath.h:255:27: note:                 QDataStream& operator<<(QDataStream&, const QPainterPath&)
/usr/include/QtGui/qpainterpath.h:423:21: note:                 QDebug operator<<(QDebug, const QPainterPath&)
/usr/include/QtGui/qtransform.h:355:27: note:                 QDataStream& operator<<(QDataStream&, const QTransform&)
/usr/include/QtGui/qtransform.h:360:21: note:                 QDebug operator<<(QDebug, const QTransform&)
/usr/include/QtGui/qimage.h:351:27: note:                 QDataStream& operator<<(QDataStream&, const QImage&)
/usr/include/QtGui/qpixmap.h:313:27: note:                 QDataStream& operator<<(QDataStream&, const QPixmap&)
/usr/include/QtGui/qbrush.h:160:27: note:                 QDataStream& operator<<(QDataStream&, const QBrush&)
/usr/include/QtGui/qbrush.h:165:21: note:                 QDebug operator<<(QDebug, const QBrush&)
/usr/include/QtGui/qpalette.h:254:27: note:                 QDataStream& operator<<(QDataStream&, const QPalette&)
/usr/include/QtGui/qfont.h:351:27: note:                 QDataStream& operator<<(QDataStream&, const QFont&)
/usr/include/QtGui/qfont.h:356:21: note:                 QDebug operator<<(QDebug, const QFont&)
/usr/include/QtGui/qsizepolicy.h:220:27: note:                 QDataStream& operator<<(QDataStream&, const QSizePolicy&)
/usr/include/QtGui/qcursor.h:166:27: note:                 QDataStream& operator<<(QDataStream&, const QCursor&)
/usr/include/QtGui/qkeysequence.h:203:38: note:                 QDataStream& operator<<(QDataStream&, const QKeySequence&)
/usr/include/QtGui/qkeysequence.h:217:21: note:                 QDebug operator<<(QDebug, const QKeySequence&)
/usr/include/QtGui/qicon.h:144:27: note:                 QDataStream& operator<<(QDataStream&, const QIcon&)
/usr/include/QtGui/qgraphicsitem.h:1151:21: note:                 QDebug operator<<(QDebug, QGraphicsItem*)
/usr/include/QtGui/qgraphicsitem.h:1152:21: note:                 QDebug operator<<(QDebug, QGraphicsObject*)
/usr/include/QtGui/qgraphicsitem.h:1153:21: note:                 QDebug operator<<(QDebug, QGraphicsItem::GraphicsItemChange)
/usr/include/QtGui/qgraphicsitem.h:1154:21: note:                 QDebug operator<<(QDebug, QGraphicsItem::GraphicsItemFlag)
/usr/include/QtGui/qgraphicsitem.h:1155:21: note:                 QDebug operator<<(QDebug, QGraphicsItem::GraphicsItemFlags)
/usr/include/QtGui/qevent.h:723:21: note:                 QDebug operator<<(QDebug, const QEvent*)
/usr/include/QtGui/qpen.h:120:38: note:                 QDataStream& operator<<(QDataStream&, const QPen&)
/usr/include/QtGui/qpen.h:133:21: note:                 QDebug operator<<(QDebug, const QPen&)
/usr/include/QtGui/qvector3d.h:272:21: note:                 QDebug operator<<(QDebug, const QVector3D&)
/usr/include/QtGui/qvector3d.h:276:27: note:                 QDataStream& operator<<(QDataStream&, const QVector3D&)
/usr/include/QtGui/qvector4d.h:277:21: note:                 QDebug operator<<(QDebug, const QVector4D&)
/usr/include/QtGui/qvector4d.h:281:27: note:                 QDataStream& operator<<(QDataStream&, const QVector4D&)
/usr/include/QtGui/qquaternion.h:316:21: note:                 QDebug operator<<(QDebug, const QQuaternion&)
/usr/include/QtGui/qquaternion.h:320:27: note:                 QDataStream& operator<<(QDataStream&, const QQuaternion&)
/usr/include/QtGui/qmatrix4x4.h:987:21: note:                 QDebug operator<<(QDebug, const QMatrix4x4&)
/usr/include/QtGui/qmatrix4x4.h:991:27: note:                 QDataStream& operator<<(QDataStream&, const QMatrix4x4&)
/usr/include/QtGui/qvector2d.h:248:21: note:                 QDebug operator<<(QDebug, const QVector2D&)
/usr/include/QtGui/qvector2d.h:252:27: note:                 QDataStream& operator<<(QDataStream&, const QVector2D&)
/usr/include/QtGui/qpicture.h:189:27: note:                 QDataStream& operator<<(QDataStream&, const QPicture&)
/usr/include/QtGui/qtextformat.h:117:38: note:                 QDataStream& operator<<(QDataStream&, const QTextLength&)
/usr/include/QtGui/qtextformat.h:358:38: note:                 QDataStream& operator<<(QDataStream&, const QTextFormat&)
/usr/include/QtGui/qstyle.h:882:21: note:                 QDebug operator<<(QDebug, QStyle::State)
/usr/include/QtGui/qstyleoption.h:962:21: note:                 QDebug operator<<(QDebug, const QStyleOption::OptionType&)
/usr/include/QtGui/qstyleoption.h:963:21: note:                 QDebug operator<<(QDebug, const QStyleOption&)
/usr/include/QtGui/qitemselectionmodel.h:222:21: note:                 QDebug operator<<(QDebug, const QItemSelectionRange&)
/usr/include/QtGui/qlistwidget.h:196:27: note:                 QDataStream& operator<<(QDataStream&, const QListWidgetItem&)
/usr/include/QtGui/qstandarditemmodel.h:447:27: note:                 QDataStream& operator<<(QDataStream&, const QStandardItem&)
/usr/include/QtGui/qtablewidget.h:215:27: note:                 QDataStream& operator<<(QDataStream&, const QTableWidgetItem&)
/usr/include/QtGui/qtreewidget.h:254:27: note:                 QDataStream& operator<<(QDataStream&, const QTreeWidgetItem&)
/usr/include/QtGui/qsplitter.h:152:27: note:                 QTextStream& operator<<(QTextStream&, const QSplitter&)
file_read.cpp: In member function ‘void FileRead::buttonLoad()’:
file_read.cpp:74:16: error: no match for ‘operator<<’ in ‘std::cout << linebuffer’
/usr/lib/gcc/x86_64-redhat-linux/4.5.1/../../../../include/c++/4.5.1/ostream:108:7: note: candidates are: std::basic_ostream<_CharT, _Traits>::__ostream_type& std::basic_ostream<_CharT, _Traits>::operator<<(std::basic_ostream<_CharT, _Traits>::__ostream_type& (*)(std::basic_ostream<_CharT, _Traits>::__ostream_type&)) [with _CharT = char, _Traits = std::char_traits<char>, std::basic_ostream<_CharT, _Traits>::__ostream_type = std::basic_ostream<char>]
/usr/lib/gcc/x86_64-redhat-linux/4.5.1/../../../../include/c++/4.5.1/ostream:117:7: note:                 std::basic_ostream<_CharT, _Traits>::__ostream_type& std::basic_ostream<_CharT, _Traits>::operator<<(std::basic_ostream<_CharT, _Traits>::__ios_type& (*)(std::basic_ostream<_CharT, _Traits>::__ios_type&)) [with _CharT = char, _Traits = std::char_traits<char>, std::basic_ostream<_CharT, _Traits>::__ostream_type = std::basic_ostream<char>, std::basic_ostream<_CharT, _Traits>::__ios_type = std::basic_ios<char>]
/usr/lib/gcc/x86_64-redhat-linux/4.5.1/../../../../include/c++/4.5.1/ostream:127:7: note:                 std::basic_ostream<_CharT, _Traits>::__ostream_type& std::basic_ostream<_CharT, _Traits>::operator<<(std::ios_base& (*)(std::ios_base&)) [with _CharT = char, _Traits = std::char_traits<char>, std::basic_ostream<_CharT, _Traits>::__ostream_type = std::basic_ostream<char>]
/usr/lib/gcc/x86_64-redhat-linux/4.5.1/../../../../include/c++/4.5.1/ostream:165:7: note:                 std::basic_ostream<_CharT, _Traits>::__ostream_type& std::basic_ostream<_CharT, _Traits>::operator<<(long int) [with _CharT = char, _Traits = std::char_traits<char>, std::basic_ostream<_CharT, _Traits>::__ostream_type = std::basic_ostream<char>]
/usr/lib/gcc/x86_64-redhat-linux/4.5.1/../../../../include/c++/4.5.1/ostream:169:7: note:                 std::basic_ostream<_CharT, _Traits>::__ostream_type& std::basic_ostream<_CharT, _Traits>::operator<<(long unsigned int) [with _CharT = char, _Traits = std::char_traits<char>, std::basic_ostream<_CharT, _Traits>::__ostream_type = std::basic_ostream<char>]
/usr/lib/gcc/x86_64-redhat-linux/4.5.1/../../../../include/c++/4.5.1/ostream:173:7: note:                 std::basic_ostream<_CharT, _Traits>::__ostream_type& std::basic_ostream<_CharT, _Traits>::operator<<(bool) [with _CharT = char, _Traits = std::char_traits<char>, std::basic_ostream<_CharT, _Traits>::__ostream_type = std::basic_ostream<char>]
/usr/lib/gcc/x86_64-redhat-linux/4.5.1/../../../../include/c++/4.5.1/bits/ostream.tcc:91:5: note:                 std::basic_ostream<_CharT, _Traits>& std::basic_ostream<_CharT, _Traits>::operator<<(short int) [with _CharT = char, _Traits = std::char_traits<char>]
/usr/lib/gcc/x86_64-redhat-linux/4.5.1/../../../../include/c++/4.5.1/ostream:180:7: note:                 std::basic_ostream<_CharT, _Traits>::__ostream_type& std::basic_ostream<_CharT, _Traits>::operator<<(short unsigned int) [with _CharT = char, _Traits = std::char_traits<char>, std::basic_ostream<_CharT, _Traits>::__ostream_type = std::basic_ostream<char>]
/usr/lib/gcc/x86_64-redhat-linux/4.5.1/../../../../include/c++/4.5.1/bits/ostream.tcc:105:5: note:                 std::basic_ostream<_CharT, _Traits>& std::basic_ostream<_CharT, _Traits>::operator<<(int) [with _CharT = char, _Traits = std::char_traits<char>]
/usr/lib/gcc/x86_64-redhat-linux/4.5.1/../../../../include/c++/4.5.1/ostream:191:7: note:                 std::basic_ostream<_CharT, _Traits>::__ostream_type& std::basic_ostream<_CharT, _Traits>::operator<<(unsigned int) [with _CharT = char, _Traits = std::char_traits<char>, std::basic_ostream<_CharT, _Traits>::__ostream_type = std::basic_ostream<char>]
/usr/lib/gcc/x86_64-redhat-linux/4.5.1/../../../../include/c++/4.5.1/ostream:200:7: note:                 std::basic_ostream<_CharT, _Traits>::__ostream_type& std::basic_ostream<_CharT, _Traits>::operator<<(long long int) [with _CharT = char, _Traits = std::char_traits<char>, std::basic_ostream<_CharT, _Traits>::__ostream_type = std::basic_ostream<char>]
/usr/lib/gcc/x86_64-redhat-linux/4.5.1/../../../../include/c++/4.5.1/ostream:204:7: note:                 std::basic_ostream<_CharT, _Traits>::__ostream_type& std::basic_ostream<_CharT, _Traits>::operator<<(long long unsigned int) [with _CharT = char, _Traits = std::char_traits<char>, std::basic_ostream<_CharT, _Traits>::__ostream_type = std::basic_ostream<char>]
/usr/lib/gcc/x86_64-redhat-linux/4.5.1/../../../../include/c++/4.5.1/ostream:209:7: note:                 std::basic_ostream<_CharT, _Traits>::__ostream_type& std::basic_ostream<_CharT, _Traits>::operator<<(double) [with _CharT = char, _Traits = std::char_traits<char>, std::basic_ostream<_CharT, _Traits>::__ostream_type = std::basic_ostream<char>]
/usr/lib/gcc/x86_64-redhat-linux/4.5.1/../../../../include/c++/4.5.1/ostream:213:7: note:                 std::basic_ostream<_CharT, _Traits>::__ostream_type& std::basic_ostream<_CharT, _Traits>::operator<<(float) [with _CharT = char, _Traits = std::char_traits<char>, std::basic_ostream<_CharT, _Traits>::__ostream_type = std::basic_ostream<char>]
/usr/lib/gcc/x86_64-redhat-linux/4.5.1/../../../../include/c++/4.5.1/ostream:221:7: note:                 std::basic_ostream<_CharT, _Traits>::__ostream_type& std::basic_ostream<_CharT, _Traits>::operator<<(long double) [with _CharT = char, _Traits = std::char_traits<char>, std::basic_ostream<_CharT, _Traits>::__ostream_type = std::basic_ostream<char>]
/usr/lib/gcc/x86_64-redhat-linux/4.5.1/../../../../include/c++/4.5.1/ostream:225:7: note:                 std::basic_ostream<_CharT, _Traits>::__ostream_type& std::basic_ostream<_CharT, _Traits>::operator<<(const void*) [with _CharT = char, _Traits = std::char_traits<char>, std::basic_ostream<_CharT, _Traits>::__ostream_type = std::basic_ostream<char>]
/usr/lib/gcc/x86_64-redhat-linux/4.5.1/../../../../include/c++/4.5.1/bits/ostream.tcc:119:5: note:                 std::basic_ostream<_CharT, _Traits>& std::basic_ostream<_CharT, _Traits>::operator<<(std::basic_ostream<_CharT, _Traits>::__streambuf_type*) [with _CharT = char, _Traits = std::char_traits<char>, std::basic_ostream<_CharT, _Traits>::__streambuf_type = std::basic_streambuf<char>]
/usr/include/QtCore/qchar.h:394:28: note:                 QDataStream& operator<<(QDataStream&, const QChar&)
/usr/include/QtCore/qbytearray.h:577:28: note:                 QDataStream& operator<<(QDataStream&, const QByteArray&)
/usr/include/QtCore/qstring.h:1083:28: note:                 QDataStream& operator<<(QDataStream&, const QString&)
/usr/include/QtCore/qobject.h:397:22: note:                 QDebug operator<<(QDebug, const QObject*)
/usr/include/QtCore/qeasingcurve.h:113:22: note:                 QDebug operator<<(QDebug, const QEasingCurve&)
/usr/include/QtCore/qeasingcurve.h:117:28: note:                 QDataStream& operator<<(QDataStream&, const QEasingCurve&)
/usr/include/QtCore/qiodevice.h:247:22: note:                 QDebug operator<<(QDebug, QIODevice::OpenMode)
/usr/include/QtCore/qvariant.h:612:22: note:                 QDebug operator<<(QDebug, const QVariant&)
/usr/include/QtCore/qvariant.h:538:28: note:                 QDataStream& operator<<(QDataStream&, const QVariant&)
/usr/include/QtCore/qvariant.h:540:28: note:                 QDataStream& operator<<(QDataStream&, QVariant::Type)
/usr/include/QtCore/qvariant.h:613:22: note:                 QDebug operator<<(QDebug, QVariant::Type)
/usr/include/QtCore/qabstractitemmodel.h:102:22: note:                 QDebug operator<<(QDebug, const QModelIndex&)
/usr/include/QtCore/qabstractitemmodel.h:148:22: note:                 QDebug operator<<(QDebug, const QPersistentModelIndex&)
/usr/include/QtCore/qdatetime.h:322:28: note:                 QDataStream& operator<<(QDataStream&, const QDate&)
/usr/include/QtCore/qdatetime.h:324:28: note:                 QDataStream& operator<<(QDataStream&, const QTime&)
/usr/include/QtCore/qdatetime.h:326:28: note:                 QDataStream& operator<<(QDataStream&, const QDateTime&)
/usr/include/QtCore/qdatetime.h:331:22: note:                 QDebug operator<<(QDebug, const QDate&)
/usr/include/QtCore/qdatetime.h:332:22: note:                 QDebug operator<<(QDebug, const QTime&)
/usr/include/QtCore/qdatetime.h:333:22: note:                 QDebug operator<<(QDebug, const QDateTime&)
/usr/include/QtCore/qregexp.h:154:28: note:                 QDataStream& operator<<(QDataStream&, const QRegExp&)
/usr/include/QtCore/qstringlist.h:249:21: note:                 QDataStream& operator<<(QDataStream&, const QStringList&)
/usr/include/QtCore/quuid.h:182:28: note:                 QDataStream& operator<<(QDataStream&, const QUuid&)
/usr/include/QtCore/qbitarray.h:163:28: note:                 QDataStream& operator<<(QDataStream&, const QBitArray&)
/usr/include/QtCore/qpoint.h:103:28: note:                 QDataStream& operator<<(QDataStream&, const QPoint&)
/usr/include/QtCore/qpoint.h:181:22: note:                 QDebug operator<<(QDebug, const QPoint&)
/usr/include/QtCore/qpoint.h:237:28: note:                 QDataStream& operator<<(QDataStream&, const QPointF&)
/usr/include/QtCore/qpoint.h:356:22: note:                 QDebug operator<<(QDebug, const QPointF&)
/usr/include/QtCore/qline.h:201:22: note:                 QDebug operator<<(QDebug, const QLine&)
/usr/include/QtCore/qline.h:205:28: note:                 QDataStream& operator<<(QDataStream&, const QLine&)
/usr/include/QtCore/qline.h:412:22: note:                 QDebug operator<<(QDebug, const QLineF&)
/usr/include/QtCore/qline.h:416:28: note:                 QDataStream& operator<<(QDataStream&, const QLineF&)
/usr/include/QtCore/qlocale.h:720:28: note:                 QDataStream& operator<<(QDataStream&, const QLocale&)
/usr/include/QtCore/qmargins.h:140:22: note:                 QDebug operator<<(QDebug, const QMargins&)
/usr/include/QtCore/qsize.h:102:28: note:                 QDataStream& operator<<(QDataStream&, const QSize&)
/usr/include/QtCore/qsize.h:198:22: note:                 QDebug operator<<(QDebug, const QSize&)
/usr/include/QtCore/qsize.h:255:28: note:                 QDataStream& operator<<(QDataStream&, const QSizeF&)
/usr/include/QtCore/qsize.h:361:22: note:                 QDebug operator<<(QDebug, const QSizeF&)
/usr/include/QtCore/qrect.h:199:28: note:                 QDataStream& operator<<(QDataStream&, const QRect&)
/usr/include/QtCore/qrect.h:507:22: note:                 QDebug operator<<(QDebug, const QRect&)
/usr/include/QtCore/qrect.h:621:28: note:                 QDataStream& operator<<(QDataStream&, const QRectF&)
/usr/include/QtCore/qrect.h:851:22: note:                 QDebug operator<<(QDebug, const QRectF&)
/usr/include/QtCore/qdir.h:259:22: note:                 QDebug operator<<(QDebug, QDir::Filters)
/usr/include/QtCore/qdir.h:260:22: note:                 QDebug operator<<(QDebug, const QDir&)
/usr/include/QtCore/qtextstream.h:290:21: note:                 QTextStream& operator<<(QTextStream&, QTextStream& (*)(QTextStream&))
/usr/include/QtCore/qtextstream.h:293:21: note:                 QTextStream& operator<<(QTextStream&, QTextStreamManipulator)
/usr/include/QtCore/qurl.h:283:28: note:                 QDataStream& operator<<(QDataStream&, const QUrl&)
/usr/include/QtCore/qurl.h:288:22: note:                 QDebug operator<<(QDebug, const QUrl&)
/usr/include/QtGui/qcolor.h:60:21: note:                 QDebug operator<<(QDebug, const QColor&)
/usr/include/QtGui/qcolor.h:274:38: note:                 QDataStream& operator<<(QDataStream&, const QColor&)
/usr/include/QtGui/qpolygon.h:100:21: note:                 QDebug operator<<(QDebug, const QPolygon&)
/usr/include/QtGui/qpolygon.h:107:27: note:                 QDataStream& operator<<(QDataStream&, const QPolygon&)
/usr/include/QtGui/qpolygon.h:165:21: note:                 QDebug operator<<(QDebug, const QPolygonF&)
/usr/include/QtGui/qpolygon.h:172:27: note:                 QDataStream& operator<<(QDataStream&, const QPolygonF&)
/usr/include/QtGui/qregion.h:223:27: note:                 QDataStream& operator<<(QDataStream&, const QRegion&)
/usr/include/QtGui/qregion.h:228:21: note:                 QDebug operator<<(QDebug, const QRegion&)
/usr/include/QtGui/qmatrix.h:188:27: note:                 QDataStream& operator<<(QDataStream&, const QMatrix&)
/usr/include/QtGui/qmatrix.h:193:21: note:                 QDebug operator<<(QDebug, const QMatrix&)
/usr/include/QtGui/qpainterpath.h:255:27: note:                 QDataStream& operator<<(QDataStream&, const QPainterPath&)
/usr/include/QtGui/qpainterpath.h:423:21: note:                 QDebug operator<<(QDebug, const QPainterPath&)
/usr/include/QtGui/qtransform.h:355:27: note:                 QDataStream& operator<<(QDataStream&, const QTransform&)
/usr/include/QtGui/qtransform.h:360:21: note:                 QDebug operator<<(QDebug, const QTransform&)
/usr/include/QtGui/qimage.h:351:27: note:                 QDataStream& operator<<(QDataStream&, const QImage&)
/usr/include/QtGui/qpixmap.h:313:27: note:                 QDataStream& operator<<(QDataStream&, const QPixmap&)
/usr/include/QtGui/qbrush.h:160:27: note:                 QDataStream& operator<<(QDataStream&, const QBrush&)
/usr/include/QtGui/qbrush.h:165:21: note:                 QDebug operator<<(QDebug, const QBrush&)
/usr/include/QtGui/qpalette.h:254:27: note:                 QDataStream& operator<<(QDataStream&, const QPalette&)
/usr/include/QtGui/qfont.h:351:27: note:                 QDataStream& operator<<(QDataStream&, const QFont&)
/usr/include/QtGui/qfont.h:356:21: note:                 QDebug operator<<(QDebug, const QFont&)
/usr/include/QtGui/qsizepolicy.h:220:27: note:                 QDataStream& operator<<(QDataStream&, const QSizePolicy&)
/usr/include/QtGui/qcursor.h:166:27: note:                 QDataStream& operator<<(QDataStream&, const QCursor&)
/usr/include/QtGui/qkeysequence.h:203:38: note:                 QDataStream& operator<<(QDataStream&, const QKeySequence&)
/usr/include/QtGui/qkeysequence.h:217:21: note:                 QDebug operator<<(QDebug, const QKeySequence&)
/usr/include/QtGui/qicon.h:144:27: note:                 QDataStream& operator<<(QDataStream&, const QIcon&)
/usr/include/QtGui/qgraphicsitem.h:1151:21: note:                 QDebug operator<<(QDebug, QGraphicsItem*)
/usr/include/QtGui/qgraphicsitem.h:1152:21: note:                 QDebug operator<<(QDebug, QGraphicsObject*)
/usr/include/QtGui/qgraphicsitem.h:1153:21: note:                 QDebug operator<<(QDebug, QGraphicsItem::GraphicsItemChange)
/usr/include/QtGui/qgraphicsitem.h:1154:21: note:                 QDebug operator<<(QDebug, QGraphicsItem::GraphicsItemFlag)
/usr/include/QtGui/qgraphicsitem.h:1155:21: note:                 QDebug operator<<(QDebug, QGraphicsItem::GraphicsItemFlags)
/usr/include/QtGui/qevent.h:723:21: note:                 QDebug operator<<(QDebug, const QEvent*)
/usr/include/QtGui/qpen.h:120:38: note:                 QDataStream& operator<<(QDataStream&, const QPen&)
/usr/include/QtGui/qpen.h:133:21: note:                 QDebug operator<<(QDebug, const QPen&)
/usr/include/QtGui/qvector3d.h:272:21: note:                 QDebug operator<<(QDebug, const QVector3D&)
/usr/include/QtGui/qvector3d.h:276:27: note:                 QDataStream& operator<<(QDataStream&, const QVector3D&)
/usr/include/QtGui/qvector4d.h:277:21: note:                 QDebug operator<<(QDebug, const QVector4D&)
/usr/include/QtGui/qvector4d.h:281:27: note:                 QDataStream& operator<<(QDataStream&, const QVector4D&)
/usr/include/QtGui/qquaternion.h:316:21: note:                 QDebug operator<<(QDebug, const QQuaternion&)
/usr/include/QtGui/qquaternion.h:320:27: note:                 QDataStream& operator<<(QDataStream&, const QQuaternion&)
/usr/include/QtGui/qmatrix4x4.h:987:21: note:                 QDebug operator<<(QDebug, const QMatrix4x4&)
/usr/include/QtGui/qmatrix4x4.h:991:27: note:                 QDataStream& operator<<(QDataStream&, const QMatrix4x4&)
/usr/include/QtGui/qvector2d.h:248:21: note:                 QDebug operator<<(QDebug, const QVector2D&)
/usr/include/QtGui/qvector2d.h:252:27: note:                 QDataStream& operator<<(QDataStream&, const QVector2D&)
/usr/include/QtGui/qpicture.h:189:27: note:                 QDataStream& operator<<(QDataStream&, const QPicture&)
/usr/include/QtGui/qtextformat.h:117:38: note:                 QDataStream& operator<<(QDataStream&, const QTextLength&)
/usr/include/QtGui/qtextformat.h:358:38: note:                 QDataStream& operator<<(QDataStream&, const QTextFormat&)
/usr/include/QtGui/qstyle.h:882:21: note:                 QDebug operator<<(QDebug, QStyle::State)
/usr/include/QtGui/qstyleoption.h:962:21: note:                 QDebug operator<<(QDebug, const QStyleOption::OptionType&)
/usr/include/QtGui/qstyleoption.h:963:21: note:                 QDebug operator<<(QDebug, const QStyleOption&)
/usr/include/QtGui/qitemselectionmodel.h:222:21: note:                 QDebug operator<<(QDebug, const QItemSelectionRange&)
/usr/include/QtGui/qlistwidget.h:196:27: note:                 QDataStream& operator<<(QDataStream&, const QListWidgetItem&)
/usr/include/QtGui/qstandarditemmodel.h:447:27: note:                 QDataStream& operator<<(QDataStream&, const QStandardItem&)
/usr/include/QtGui/qtablewidget.h:215:27: note:                 QDataStream& operator<<(QDataStream&, const QTableWidgetItem&)
/usr/include/QtGui/qtreewidget.h:254:27: note:                 QDataStream& operator<<(QDataStream&, const QTreeWidgetItem&)
/usr/include/QtGui/qsplitter.h:152:27: note:                 QTextStream& operator<<(QTextStream&, const QSplitter&)
make: *** [file_read.o] エラー 1
